[2024-04-21 15:02:12] production.ERROR: No application encryption key has been specified. {"exception":"[object] (Illuminate\\Encryption\\MissingAppKeyException(code: 0): No application encryption key has been specified. at C:\\Users\\Uri\\Downloads\\ONLINE-Laravel-test-main\\Repo\\php-laravel-docker-render\\vendor\\laravel\\framework\\src\\Illuminate\\Encryption\\EncryptionServiceProvider.php:83)
[stacktrace]
#0 C:\\Users\\Uri\\Downloads\\ONLINE-Laravel-test-main\\Repo\\php-laravel-docker-render\\vendor\\laravel\\framework\\src\\Illuminate\\Support\\helpers.php(345): Illuminate\\Encryption\\EncryptionServiceProvider->Illuminate\\Encryption\\{closure}(NULL)
#1 C:\\Users\\Uri\\Downloads\\ONLINE-Laravel-test-main\\Repo\\php-laravel-docker-render\\vendor\\laravel\\framework\\src\\Illuminate\\Encryption\\EncryptionServiceProvider.php(81): tap(NULL, Object(Closure))
#2 C:\\Users\\Uri\\Downloads\\ONLINE-Laravel-test-main\\Repo\\php-laravel-docker-render\\vendor\\laravel\\framework\\src\\Illuminate\\Encryption\\EncryptionServiceProvider.php(64): Illuminate\\Encryption\\EncryptionServiceProvider->key(Array)
#3 C:\\Users\\Uri\\Downloads\\ONLINE-Laravel-test-main\\Repo\\php-laravel-docker-render\\vendor\\laravel\\framework\\src\\Illuminate\\Encryption\\EncryptionServiceProvider.php(32): Illuminate\\Encryption\\EncryptionServiceProvider->parseKey(Array)
#4 C:\\Users\\Uri\\Downloads\\ONLINE-Laravel-test-main\\Repo\\php-laravel-docker-render\\vendor\\laravel\\framework\\src\\Illuminate\\Container\\Container.php(900): Illuminate\\Encryption\\EncryptionServiceProvider->Illuminate\\Encryption\\{closure}(Object(Illuminate\\Foundation\\Application), Array)
#5 C:\\Users\\Uri\\Downloads\\ONLINE-Laravel-test-main\\Repo\\php-laravel-docker-render\\vendor\\laravel\\framework\\src\\Illuminate\\Container\\Container.php(787): Illuminate\\Container\\Container->build(Object(Closure))
#6 C:\\Users\\Uri\\Downloads\\ONLINE-Laravel-test-main\\Repo\\php-laravel-docker-render\\vendor\\laravel\\framework\\src\\Illuminate\\Foundation\\Application.php(1026): Illuminate\\Container\\Container->resolve('encrypter', Array, true)
#7 C:\\Users\\Uri\\Downloads\\ONLINE-Laravel-test-main\\Repo\\php-laravel-docker-render\\vendor\\laravel\\framework\\src\\Illuminate\\Container\\Container.php(723): Illuminate\\Foundation\\Application->resolve('encrypter', Array)
#8 C:\\Users\\Uri\\Downloads\\ONLINE-Laravel-test-main\\Repo\\php-laravel-docker-render\\vendor\\laravel\\framework\\src\\Illuminate\\Foundation\\Application.php(1011): Illuminate\\Container\\Container->make('encrypter', Array)
#9 C:\\Users\\Uri\\Downloads\\ONLINE-Laravel-test-main\\Repo\\php-laravel-docker-render\\vendor\\laravel\\framework\\src\\Illuminate\\Container\\Container.php(1058): Illuminate\\Foundation\\Application->make('encrypter')
#10 C:\\Users\\Uri\\Downloads\\ONLINE-Laravel-test-main\\Repo\\php-laravel-docker-render\\vendor\\laravel\\framework\\src\\Illuminate\\Container\\Container.php(974): Illuminate\\Container\\Container->resolveClass(Object(ReflectionParameter))
#11 C:\\Users\\Uri\\Downloads\\ONLINE-Laravel-test-main\\Repo\\php-laravel-docker-render\\vendor\\laravel\\framework\\src\\Illuminate\\Container\\Container.php(935): Illuminate\\Container\\Container->resolveDependencies(Array)
#12 C:\\Users\\Uri\\Downloads\\ONLINE-Laravel-test-main\\Repo\\php-laravel-docker-render\\vendor\\laravel\\framework\\src\\Illuminate\\Container\\Container.php(787): Illuminate\\Container\\Container->build('App\\\\Http\\\\Middle...')
#13 C:\\Users\\Uri\\Downloads\\ONLINE-Laravel-test-main\\Repo\\php-laravel-docker-render\\vendor\\laravel\\framework\\src\\Illuminate\\Foundation\\Application.php(1026): Illuminate\\Container\\Container->resolve('App\\\\Http\\\\Middle...', Array, true)
#14 C:\\Users\\Uri\\Downloads\\ONLINE-Laravel-test-main\\Repo\\php-laravel-docker-render\\vendor\\laravel\\framework\\src\\Illuminate\\Container\\Container.php(723): Illuminate\\Foundation\\Application->resolve('App\\\\Http\\\\Middle...', Array)
#15 C:\\Users\\Uri\\Downloads\\ONLINE-Laravel-test-main\\Repo\\php-laravel-docker-render\\vendor\\laravel\\framework\\src\\Illuminate\\Foundation\\Application.php(1011): Illuminate\\Container\\Container->make('App\\\\Http\\\\Middle...', Array)
#16 C:\\Users\\Uri\\Downloads\\ONLINE-Laravel-test-main\\Repo\\php-laravel-docker-render\\vendor\\laravel\\framework\\src\\Illuminate\\Pipeline\\Pipeline.php(172): Illuminate\\Foundation\\Application->make('App\\\\Http\\\\Middle...')
#17 C:\\Users\\Uri\\Downloads\\ONLINE-Laravel-test-main\\Repo\\php-laravel-docker-render\\vendor\\laravel\\framework\\src\\Illuminate\\Pipeline\\Pipeline.php(119): Illuminate\\Pipeline\\Pipeline->Illuminate\\Pipeline\\{closure}(Object(Illuminate\\Http\\Request))
#18 C:\\Users\\Uri\\Downloads\\ONLINE-Laravel-test-main\\Repo\\php-laravel-docker-render\\vendor\\laravel\\framework\\src\\Illuminate\\Routing\\Router.php(805): Illuminate\\Pipeline\\Pipeline->then(Object(Closure))
#19 C:\\Users\\Uri\\Downloads\\ONLINE-Laravel-test-main\\Repo\\php-laravel-docker-render\\vendor\\laravel\\framework\\src\\Illuminate\\Routing\\Router.php(784): Illuminate\\Routing\\Router->runRouteWithinStack(Object(Illuminate\\Routing\\Route), Object(Illuminate\\Http\\Request))
#20 C:\\Users\\Uri\\Downloads\\ONLINE-Laravel-test-main\\Repo\\php-laravel-docker-render\\vendor\\laravel\\framework\\src\\Illuminate\\Routing\\Router.php(748): Illuminate\\Routing\\Router->runRoute(Object(Illuminate\\Http\\Request), Object(Illuminate\\Routing\\Route))
#21 C:\\Users\\Uri\\Downloads\\ONLINE-Laravel-test-main\\Repo\\php-laravel-docker-render\\vendor\\laravel\\framework\\src\\Illuminate\\Routing\\Router.php(737): Illuminate\\Routing\\Router->dispatchToRoute(Object(Illuminate\\Http\\Request))
#22 C:\\Users\\Uri\\Downloads\\ONLINE-Laravel-test-main\\Repo\\php-laravel-docker-render\\vendor\\laravel\\framework\\src\\Illuminate\\Foundation\\Http\\Kernel.php(200): Illuminate\\Routing\\Router->dispatch(Object(Illuminate\\Http\\Request))
#23 C:\\Users\\Uri\\Downloads\\ONLINE-Laravel-test-main\\Repo\\php-laravel-docker-render\\vendor\\laravel\\framework\\src\\Illuminate\\Pipeline\\Pipeline.php(144): Illuminate\\Foundation\\Http\\Kernel->Illuminate\\Foundation\\Http\\{closure}(Object(Illuminate\\Http\\Request))
#24 C:\\Users\\Uri\\Downloads\\ONLINE-Laravel-test-main\\Repo\\php-laravel-docker-render\\vendor\\laravel\\framework\\src\\Illuminate\\Http\\Middleware\\TrustProxies.php(57): Illuminate\\Pipeline\\Pipeline->Illuminate\\Pipeline\\{closure}(Object(Illuminate\\Http\\Request))
#25 C:\\Users\\Uri\\Downloads\\ONLINE-Laravel-test-main\\Repo\\php-laravel-docker-render\\vendor\\laravel\\framework\\src\\Illuminate\\Pipeline\\Pipeline.php(183): Illuminate\\Http\\Middleware\\TrustProxies->handle(Object(Illuminate\\Http\\Request), Object(Closure))
#26 C:\\Users\\Uri\\Downloads\\ONLINE-Laravel-test-main\\Repo\\php-laravel-docker-render\\vendor\\laravel\\framework\\src\\Illuminate\\Foundation\\Http\\Middleware\\TransformsRequest.php(21): Illuminate\\Pipeline\\Pipeline->Illuminate\\Pipeline\\{closure}(Object(Illuminate\\Http\\Request))
#27 C:\\Users\\Uri\\Downloads\\ONLINE-Laravel-test-main\\Repo\\php-laravel-docker-render\\vendor\\laravel\\framework\\src\\Illuminate\\Foundation\\Http\\Middleware\\ConvertEmptyStringsToNull.php(31): Illuminate\\Foundation\\Http\\Middleware\\TransformsRequest->handle(Object(Illuminate\\Http\\Request), Object(Closure))
#28 C:\\Users\\Uri\\Downloads\\ONLINE-Laravel-test-main\\Repo\\php-laravel-docker-render\\vendor\\laravel\\framework\\src\\Illuminate\\Pipeline\\Pipeline.php(183): Illuminate\\Foundation\\Http\\Middleware\\ConvertEmptyStringsToNull->handle(Object(Illuminate\\Http\\Request), Object(Closure))
#29 C:\\Users\\Uri\\Downloads\\ONLINE-Laravel-test-main\\Repo\\php-laravel-docker-render\\vendor\\laravel\\framework\\src\\Illuminate\\Foundation\\Http\\Middleware\\TransformsRequest.php(21): Illuminate\\Pipeline\\Pipeline->Illuminate\\Pipeline\\{closure}(Object(Illuminate\\Http\\Request))
#30 C:\\Users\\Uri\\Downloads\\ONLINE-Laravel-test-main\\Repo\\php-laravel-docker-render\\vendor\\laravel\\framework\\src\\Illuminate\\Foundation\\Http\\Middleware\\TrimStrings.php(50): Illuminate\\Foundation\\Http\\Middleware\\TransformsRequest->handle(Object(Illuminate\\Http\\Request), Object(Closure))
#31 C:\\Users\\Uri\\Downloads\\ONLINE-Laravel-test-main\\Repo\\php-laravel-docker-render\\vendor\\laravel\\framework\\src\\Illuminate\\Pipeline\\Pipeline.php(183): Illuminate\\Foundation\\Http\\Middleware\\TrimStrings->handle(Object(Illuminate\\Http\\Request), Object(Closure))
#32 C:\\Users\\Uri\\Downloads\\ONLINE-Laravel-test-main\\Repo\\php-laravel-docker-render\\vendor\\laravel\\framework\\src\\Illuminate\\Http\\Middleware\\ValidatePostSize.php(27): Illuminate\\Pipeline\\Pipeline->Illuminate\\Pipeline\\{closure}(Object(Illuminate\\Http\\Request))
#33 C:\\Users\\Uri\\Downloads\\ONLINE-Laravel-test-main\\Repo\\php-laravel-docker-render\\vendor\\laravel\\framework\\src\\Illuminate\\Pipeline\\Pipeline.php(183): Illuminate\\Http\\Middleware\\ValidatePostSize->handle(Object(Illuminate\\Http\\Request), Object(Closure))
#34 C:\\Users\\Uri\\Downloads\\ONLINE-Laravel-test-main\\Repo\\php-laravel-docker-render\\vendor\\laravel\\framework\\src\\Illuminate\\Foundation\\Http\\Middleware\\PreventRequestsDuringMaintenance.php(103): Illuminate\\Pipeline\\Pipeline->Illuminate\\Pipeline\\{closure}(Object(Illuminate\\Http\\Request))
#35 C:\\Users\\Uri\\Downloads\\ONLINE-Laravel-test-main\\Repo\\php-laravel-docker-render\\vendor\\laravel\\framework\\src\\Illuminate\\Pipeline\\Pipeline.php(183): Illuminate\\Foundation\\Http\\Middleware\\PreventRequestsDuringMaintenance->handle(Object(Illuminate\\Http\\Request), Object(Closure))
#36 C:\\Users\\Uri\\Downloads\\ONLINE-Laravel-test-main\\Repo\\php-laravel-docker-render\\vendor\\laravel\\framework\\src\\Illuminate\\Pipeline\\Pipeline.php(119): Illuminate\\Pipeline\\Pipeline->Illuminate\\Pipeline\\{closure}(Object(Illuminate\\Http\\Request))
#37 C:\\Users\\Uri\\Downloads\\ONLINE-Laravel-test-main\\Repo\\php-laravel-docker-render\\vendor\\laravel\\framework\\src\\Illuminate\\Foundation\\Http\\Kernel.php(175): Illuminate\\Pipeline\\Pipeline->then(Object(Closure))
#38 C:\\Users\\Uri\\Downloads\\ONLINE-Laravel-test-main\\Repo\\php-laravel-docker-render\\vendor\\laravel\\framework\\src\\Illuminate\\Foundation\\Http\\Kernel.php(144): Illuminate\\Foundation\\Http\\Kernel->sendRequestThroughRouter(Object(Illuminate\\Http\\Request))
#39 C:\\Users\\Uri\\Downloads\\ONLINE-Laravel-test-main\\Repo\\php-laravel-docker-render\\public\\index.php(54): Illuminate\\Foundation\\Http\\Kernel->handle(Object(Illuminate\\Http\\Request))
#40 C:\\Users\\Uri\\Downloads\\ONLINE-Laravel-test-main\\Repo\\php-laravel-docker-render\\server.php(21): require_once('C:\\\\Users\\\\Uri\\\\Do...')
#41 {main}
"} 
[2024-04-21 15:02:12] production.ERROR: No application encryption key has been specified. {"exception":"[object] (Illuminate\\Encryption\\MissingAppKeyException(code: 0): No application encryption key has been specified. at C:\\Users\\Uri\\Downloads\\ONLINE-Laravel-test-main\\Repo\\php-laravel-docker-render\\vendor\\laravel\\framework\\src\\Illuminate\\Encryption\\EncryptionServiceProvider.php:83)
[stacktrace]
#0 C:\\Users\\Uri\\Downloads\\ONLINE-Laravel-test-main\\Repo\\php-laravel-docker-render\\vendor\\laravel\\framework\\src\\Illuminate\\Support\\helpers.php(345): Illuminate\\Encryption\\EncryptionServiceProvider->Illuminate\\Encryption\\{closure}(NULL)
#1 C:\\Users\\Uri\\Downloads\\ONLINE-Laravel-test-main\\Repo\\php-laravel-docker-render\\vendor\\laravel\\framework\\src\\Illuminate\\Encryption\\EncryptionServiceProvider.php(81): tap(NULL, Object(Closure))
#2 C:\\Users\\Uri\\Downloads\\ONLINE-Laravel-test-main\\Repo\\php-laravel-docker-render\\vendor\\laravel\\framework\\src\\Illuminate\\Encryption\\EncryptionServiceProvider.php(64): Illuminate\\Encryption\\EncryptionServiceProvider->key(Array)
#3 C:\\Users\\Uri\\Downloads\\ONLINE-Laravel-test-main\\Repo\\php-laravel-docker-render\\vendor\\laravel\\framework\\src\\Illuminate\\Encryption\\EncryptionServiceProvider.php(32): Illuminate\\Encryption\\EncryptionServiceProvider->parseKey(Array)
#4 C:\\Users\\Uri\\Downloads\\ONLINE-Laravel-test-main\\Repo\\php-laravel-docker-render\\vendor\\laravel\\framework\\src\\Illuminate\\Container\\Container.php(900): Illuminate\\Encryption\\EncryptionServiceProvider->Illuminate\\Encryption\\{closure}(Object(Illuminate\\Foundation\\Application), Array)
#5 C:\\Users\\Uri\\Downloads\\ONLINE-Laravel-test-main\\Repo\\php-laravel-docker-render\\vendor\\laravel\\framework\\src\\Illuminate\\Container\\Container.php(787): Illuminate\\Container\\Container->build(Object(Closure))
#6 C:\\Users\\Uri\\Downloads\\ONLINE-Laravel-test-main\\Repo\\php-laravel-docker-render\\vendor\\laravel\\framework\\src\\Illuminate\\Foundation\\Application.php(1026): Illuminate\\Container\\Container->resolve('encrypter', Array, true)
#7 C:\\Users\\Uri\\Downloads\\ONLINE-Laravel-test-main\\Repo\\php-laravel-docker-render\\vendor\\laravel\\framework\\src\\Illuminate\\Container\\Container.php(723): Illuminate\\Foundation\\Application->resolve('encrypter', Array)
#8 C:\\Users\\Uri\\Downloads\\ONLINE-Laravel-test-main\\Repo\\php-laravel-docker-render\\vendor\\laravel\\framework\\src\\Illuminate\\Foundation\\Application.php(1011): Illuminate\\Container\\Container->make('encrypter', Array)
#9 C:\\Users\\Uri\\Downloads\\ONLINE-Laravel-test-main\\Repo\\php-laravel-docker-render\\vendor\\laravel\\framework\\src\\Illuminate\\Container\\Container.php(1058): Illuminate\\Foundation\\Application->make('encrypter')
#10 C:\\Users\\Uri\\Downloads\\ONLINE-Laravel-test-main\\Repo\\php-laravel-docker-render\\vendor\\laravel\\framework\\src\\Illuminate\\Container\\Container.php(974): Illuminate\\Container\\Container->resolveClass(Object(ReflectionParameter))
#11 C:\\Users\\Uri\\Downloads\\ONLINE-Laravel-test-main\\Repo\\php-laravel-docker-render\\vendor\\laravel\\framework\\src\\Illuminate\\Container\\Container.php(935): Illuminate\\Container\\Container->resolveDependencies(Array)
#12 C:\\Users\\Uri\\Downloads\\ONLINE-Laravel-test-main\\Repo\\php-laravel-docker-render\\vendor\\laravel\\framework\\src\\Illuminate\\Container\\Container.php(787): Illuminate\\Container\\Container->build('App\\\\Http\\\\Middle...')
#13 C:\\Users\\Uri\\Downloads\\ONLINE-Laravel-test-main\\Repo\\php-laravel-docker-render\\vendor\\laravel\\framework\\src\\Illuminate\\Foundation\\Application.php(1026): Illuminate\\Container\\Container->resolve('App\\\\Http\\\\Middle...', Array, true)
#14 C:\\Users\\Uri\\Downloads\\ONLINE-Laravel-test-main\\Repo\\php-laravel-docker-render\\vendor\\laravel\\framework\\src\\Illuminate\\Container\\Container.php(723): Illuminate\\Foundation\\Application->resolve('App\\\\Http\\\\Middle...', Array)
#15 C:\\Users\\Uri\\Downloads\\ONLINE-Laravel-test-main\\Repo\\php-laravel-docker-render\\vendor\\laravel\\framework\\src\\Illuminate\\Foundation\\Application.php(1011): Illuminate\\Container\\Container->make('App\\\\Http\\\\Middle...', Array)
#16 C:\\Users\\Uri\\Downloads\\ONLINE-Laravel-test-main\\Repo\\php-laravel-docker-render\\vendor\\laravel\\framework\\src\\Illuminate\\Foundation\\Http\\Kernel.php(255): Illuminate\\Foundation\\Application->make('App\\\\Http\\\\Middle...')
#17 C:\\Users\\Uri\\Downloads\\ONLINE-Laravel-test-main\\Repo\\php-laravel-docker-render\\vendor\\laravel\\framework\\src\\Illuminate\\Foundation\\Http\\Kernel.php(213): Illuminate\\Foundation\\Http\\Kernel->terminateMiddleware(Object(Illuminate\\Http\\Request), Object(Illuminate\\Http\\Response))
#18 C:\\Users\\Uri\\Downloads\\ONLINE-Laravel-test-main\\Repo\\php-laravel-docker-render\\public\\index.php(60): Illuminate\\Foundation\\Http\\Kernel->terminate(Object(Illuminate\\Http\\Request), Object(Illuminate\\Http\\Response))
#19 C:\\Users\\Uri\\Downloads\\ONLINE-Laravel-test-main\\Repo\\php-laravel-docker-render\\server.php(21): require_once('C:\\\\Users\\\\Uri\\\\Do...')
#20 {main}
"} 
[2024-04-21 15:09:48] production.ERROR: No application encryption key has been specified. {"exception":"[object] (Illuminate\\Encryption\\MissingAppKeyException(code: 0): No application encryption key has been specified. at C:\\Users\\Uri\\Downloads\\ONLINE-Laravel-test-main\\Repo\\php-laravel-docker-render\\vendor\\laravel\\framework\\src\\Illuminate\\Encryption\\EncryptionServiceProvider.php:83)
[stacktrace]
#0 C:\\Users\\Uri\\Downloads\\ONLINE-Laravel-test-main\\Repo\\php-laravel-docker-render\\vendor\\laravel\\framework\\src\\Illuminate\\Support\\helpers.php(345): Illuminate\\Encryption\\EncryptionServiceProvider->Illuminate\\Encryption\\{closure}(NULL)
#1 C:\\Users\\Uri\\Downloads\\ONLINE-Laravel-test-main\\Repo\\php-laravel-docker-render\\vendor\\laravel\\framework\\src\\Illuminate\\Encryption\\EncryptionServiceProvider.php(81): tap(NULL, Object(Closure))
#2 C:\\Users\\Uri\\Downloads\\ONLINE-Laravel-test-main\\Repo\\php-laravel-docker-render\\vendor\\laravel\\framework\\src\\Illuminate\\Encryption\\EncryptionServiceProvider.php(64): Illuminate\\Encryption\\EncryptionServiceProvider->key(Array)
#3 C:\\Users\\Uri\\Downloads\\ONLINE-Laravel-test-main\\Repo\\php-laravel-docker-render\\vendor\\laravel\\framework\\src\\Illuminate\\Encryption\\EncryptionServiceProvider.php(32): Illuminate\\Encryption\\EncryptionServiceProvider->parseKey(Array)
#4 C:\\Users\\Uri\\Downloads\\ONLINE-Laravel-test-main\\Repo\\php-laravel-docker-render\\vendor\\laravel\\framework\\src\\Illuminate\\Container\\Container.php(900): Illuminate\\Encryption\\EncryptionServiceProvider->Illuminate\\Encryption\\{closure}(Object(Illuminate\\Foundation\\Application), Array)
#5 C:\\Users\\Uri\\Downloads\\ONLINE-Laravel-test-main\\Repo\\php-laravel-docker-render\\vendor\\laravel\\framework\\src\\Illuminate\\Container\\Container.php(787): Illuminate\\Container\\Container->build(Object(Closure))
#6 C:\\Users\\Uri\\Downloads\\ONLINE-Laravel-test-main\\Repo\\php-laravel-docker-render\\vendor\\laravel\\framework\\src\\Illuminate\\Foundation\\Application.php(1026): Illuminate\\Container\\Container->resolve('encrypter', Array, true)
#7 C:\\Users\\Uri\\Downloads\\ONLINE-Laravel-test-main\\Repo\\php-laravel-docker-render\\vendor\\laravel\\framework\\src\\Illuminate\\Container\\Container.php(723): Illuminate\\Foundation\\Application->resolve('encrypter', Array)
#8 C:\\Users\\Uri\\Downloads\\ONLINE-Laravel-test-main\\Repo\\php-laravel-docker-render\\vendor\\laravel\\framework\\src\\Illuminate\\Foundation\\Application.php(1011): Illuminate\\Container\\Container->make('encrypter', Array)
#9 C:\\Users\\Uri\\Downloads\\ONLINE-Laravel-test-main\\Repo\\php-laravel-docker-render\\vendor\\laravel\\framework\\src\\Illuminate\\Container\\Container.php(1058): Illuminate\\Foundation\\Application->make('encrypter')
#10 C:\\Users\\Uri\\Downloads\\ONLINE-Laravel-test-main\\Repo\\php-laravel-docker-render\\vendor\\laravel\\framework\\src\\Illuminate\\Container\\Container.php(974): Illuminate\\Container\\Container->resolveClass(Object(ReflectionParameter))
#11 C:\\Users\\Uri\\Downloads\\ONLINE-Laravel-test-main\\Repo\\php-laravel-docker-render\\vendor\\laravel\\framework\\src\\Illuminate\\Container\\Container.php(935): Illuminate\\Container\\Container->resolveDependencies(Array)
#12 C:\\Users\\Uri\\Downloads\\ONLINE-Laravel-test-main\\Repo\\php-laravel-docker-render\\vendor\\laravel\\framework\\src\\Illuminate\\Container\\Container.php(787): Illuminate\\Container\\Container->build('App\\\\Http\\\\Middle...')
#13 C:\\Users\\Uri\\Downloads\\ONLINE-Laravel-test-main\\Repo\\php-laravel-docker-render\\vendor\\laravel\\framework\\src\\Illuminate\\Foundation\\Application.php(1026): Illuminate\\Container\\Container->resolve('App\\\\Http\\\\Middle...', Array, true)
#14 C:\\Users\\Uri\\Downloads\\ONLINE-Laravel-test-main\\Repo\\php-laravel-docker-render\\vendor\\laravel\\framework\\src\\Illuminate\\Container\\Container.php(723): Illuminate\\Foundation\\Application->resolve('App\\\\Http\\\\Middle...', Array)
#15 C:\\Users\\Uri\\Downloads\\ONLINE-Laravel-test-main\\Repo\\php-laravel-docker-render\\vendor\\laravel\\framework\\src\\Illuminate\\Foundation\\Application.php(1011): Illuminate\\Container\\Container->make('App\\\\Http\\\\Middle...', Array)
#16 C:\\Users\\Uri\\Downloads\\ONLINE-Laravel-test-main\\Repo\\php-laravel-docker-render\\vendor\\laravel\\framework\\src\\Illuminate\\Pipeline\\Pipeline.php(172): Illuminate\\Foundation\\Application->make('App\\\\Http\\\\Middle...')
#17 C:\\Users\\Uri\\Downloads\\ONLINE-Laravel-test-main\\Repo\\php-laravel-docker-render\\vendor\\laravel\\framework\\src\\Illuminate\\Pipeline\\Pipeline.php(119): Illuminate\\Pipeline\\Pipeline->Illuminate\\Pipeline\\{closure}(Object(Illuminate\\Http\\Request))
#18 C:\\Users\\Uri\\Downloads\\ONLINE-Laravel-test-main\\Repo\\php-laravel-docker-render\\vendor\\laravel\\framework\\src\\Illuminate\\Routing\\Router.php(805): Illuminate\\Pipeline\\Pipeline->then(Object(Closure))
#19 C:\\Users\\Uri\\Downloads\\ONLINE-Laravel-test-main\\Repo\\php-laravel-docker-render\\vendor\\laravel\\framework\\src\\Illuminate\\Routing\\Router.php(784): Illuminate\\Routing\\Router->runRouteWithinStack(Object(Illuminate\\Routing\\Route), Object(Illuminate\\Http\\Request))
#20 C:\\Users\\Uri\\Downloads\\ONLINE-Laravel-test-main\\Repo\\php-laravel-docker-render\\vendor\\laravel\\framework\\src\\Illuminate\\Routing\\Router.php(748): Illuminate\\Routing\\Router->runRoute(Object(Illuminate\\Http\\Request), Object(Illuminate\\Routing\\Route))
#21 C:\\Users\\Uri\\Downloads\\ONLINE-Laravel-test-main\\Repo\\php-laravel-docker-render\\vendor\\laravel\\framework\\src\\Illuminate\\Routing\\Router.php(737): Illuminate\\Routing\\Router->dispatchToRoute(Object(Illuminate\\Http\\Request))
#22 C:\\Users\\Uri\\Downloads\\ONLINE-Laravel-test-main\\Repo\\php-laravel-docker-render\\vendor\\laravel\\framework\\src\\Illuminate\\Foundation\\Http\\Kernel.php(200): Illuminate\\Routing\\Router->dispatch(Object(Illuminate\\Http\\Request))
#23 C:\\Users\\Uri\\Downloads\\ONLINE-Laravel-test-main\\Repo\\php-laravel-docker-render\\vendor\\laravel\\framework\\src\\Illuminate\\Pipeline\\Pipeline.php(144): Illuminate\\Foundation\\Http\\Kernel->Illuminate\\Foundation\\Http\\{closure}(Object(Illuminate\\Http\\Request))
#24 C:\\Users\\Uri\\Downloads\\ONLINE-Laravel-test-main\\Repo\\php-laravel-docker-render\\vendor\\laravel\\framework\\src\\Illuminate\\Http\\Middleware\\TrustProxies.php(57): Illuminate\\Pipeline\\Pipeline->Illuminate\\Pipeline\\{closure}(Object(Illuminate\\Http\\Request))
#25 C:\\Users\\Uri\\Downloads\\ONLINE-Laravel-test-main\\Repo\\php-laravel-docker-render\\vendor\\laravel\\framework\\src\\Illuminate\\Pipeline\\Pipeline.php(183): Illuminate\\Http\\Middleware\\TrustProxies->handle(Object(Illuminate\\Http\\Request), Object(Closure))
#26 C:\\Users\\Uri\\Downloads\\ONLINE-Laravel-test-main\\Repo\\php-laravel-docker-render\\vendor\\laravel\\framework\\src\\Illuminate\\Foundation\\Http\\Middleware\\TransformsRequest.php(21): Illuminate\\Pipeline\\Pipeline->Illuminate\\Pipeline\\{closure}(Object(Illuminate\\Http\\Request))
#27 C:\\Users\\Uri\\Downloads\\ONLINE-Laravel-test-main\\Repo\\php-laravel-docker-render\\vendor\\laravel\\framework\\src\\Illuminate\\Foundation\\Http\\Middleware\\ConvertEmptyStringsToNull.php(31): Illuminate\\Foundation\\Http\\Middleware\\TransformsRequest->handle(Object(Illuminate\\Http\\Request), Object(Closure))
#28 C:\\Users\\Uri\\Downloads\\ONLINE-Laravel-test-main\\Repo\\php-laravel-docker-render\\vendor\\laravel\\framework\\src\\Illuminate\\Pipeline\\Pipeline.php(183): Illuminate\\Foundation\\Http\\Middleware\\ConvertEmptyStringsToNull->handle(Object(Illuminate\\Http\\Request), Object(Closure))
#29 C:\\Users\\Uri\\Downloads\\ONLINE-Laravel-test-main\\Repo\\php-laravel-docker-render\\vendor\\laravel\\framework\\src\\Illuminate\\Foundation\\Http\\Middleware\\TransformsRequest.php(21): Illuminate\\Pipeline\\Pipeline->Illuminate\\Pipeline\\{closure}(Object(Illuminate\\Http\\Request))
#30 C:\\Users\\Uri\\Downloads\\ONLINE-Laravel-test-main\\Repo\\php-laravel-docker-render\\vendor\\laravel\\framework\\src\\Illuminate\\Foundation\\Http\\Middleware\\TrimStrings.php(50): Illuminate\\Foundation\\Http\\Middleware\\TransformsRequest->handle(Object(Illuminate\\Http\\Request), Object(Closure))
#31 C:\\Users\\Uri\\Downloads\\ONLINE-Laravel-test-main\\Repo\\php-laravel-docker-render\\vendor\\laravel\\framework\\src\\Illuminate\\Pipeline\\Pipeline.php(183): Illuminate\\Foundation\\Http\\Middleware\\TrimStrings->handle(Object(Illuminate\\Http\\Request), Object(Closure))
#32 C:\\Users\\Uri\\Downloads\\ONLINE-Laravel-test-main\\Repo\\php-laravel-docker-render\\vendor\\laravel\\framework\\src\\Illuminate\\Http\\Middleware\\ValidatePostSize.php(27): Illuminate\\Pipeline\\Pipeline->Illuminate\\Pipeline\\{closure}(Object(Illuminate\\Http\\Request))
#33 C:\\Users\\Uri\\Downloads\\ONLINE-Laravel-test-main\\Repo\\php-laravel-docker-render\\vendor\\laravel\\framework\\src\\Illuminate\\Pipeline\\Pipeline.php(183): Illuminate\\Http\\Middleware\\ValidatePostSize->handle(Object(Illuminate\\Http\\Request), Object(Closure))
#34 C:\\Users\\Uri\\Downloads\\ONLINE-Laravel-test-main\\Repo\\php-laravel-docker-render\\vendor\\laravel\\framework\\src\\Illuminate\\Foundation\\Http\\Middleware\\PreventRequestsDuringMaintenance.php(103): Illuminate\\Pipeline\\Pipeline->Illuminate\\Pipeline\\{closure}(Object(Illuminate\\Http\\Request))
#35 C:\\Users\\Uri\\Downloads\\ONLINE-Laravel-test-main\\Repo\\php-laravel-docker-render\\vendor\\laravel\\framework\\src\\Illuminate\\Pipeline\\Pipeline.php(183): Illuminate\\Foundation\\Http\\Middleware\\PreventRequestsDuringMaintenance->handle(Object(Illuminate\\Http\\Request), Object(Closure))
#36 C:\\Users\\Uri\\Downloads\\ONLINE-Laravel-test-main\\Repo\\php-laravel-docker-render\\vendor\\laravel\\framework\\src\\Illuminate\\Pipeline\\Pipeline.php(119): Illuminate\\Pipeline\\Pipeline->Illuminate\\Pipeline\\{closure}(Object(Illuminate\\Http\\Request))
#37 C:\\Users\\Uri\\Downloads\\ONLINE-Laravel-test-main\\Repo\\php-laravel-docker-render\\vendor\\laravel\\framework\\src\\Illuminate\\Foundation\\Http\\Kernel.php(175): Illuminate\\Pipeline\\Pipeline->then(Object(Closure))
#38 C:\\Users\\Uri\\Downloads\\ONLINE-Laravel-test-main\\Repo\\php-laravel-docker-render\\vendor\\laravel\\framework\\src\\Illuminate\\Foundation\\Http\\Kernel.php(144): Illuminate\\Foundation\\Http\\Kernel->sendRequestThroughRouter(Object(Illuminate\\Http\\Request))
#39 C:\\Users\\Uri\\Downloads\\ONLINE-Laravel-test-main\\Repo\\php-laravel-docker-render\\public\\index.php(54): Illuminate\\Foundation\\Http\\Kernel->handle(Object(Illuminate\\Http\\Request))
#40 C:\\Users\\Uri\\Downloads\\ONLINE-Laravel-test-main\\Repo\\php-laravel-docker-render\\server.php(21): require_once('C:\\\\Users\\\\Uri\\\\Do...')
#41 {main}
"} 
[2024-04-21 15:09:49] production.ERROR: No application encryption key has been specified. {"exception":"[object] (Illuminate\\Encryption\\MissingAppKeyException(code: 0): No application encryption key has been specified. at C:\\Users\\Uri\\Downloads\\ONLINE-Laravel-test-main\\Repo\\php-laravel-docker-render\\vendor\\laravel\\framework\\src\\Illuminate\\Encryption\\EncryptionServiceProvider.php:83)
[stacktrace]
#0 C:\\Users\\Uri\\Downloads\\ONLINE-Laravel-test-main\\Repo\\php-laravel-docker-render\\vendor\\laravel\\framework\\src\\Illuminate\\Support\\helpers.php(345): Illuminate\\Encryption\\EncryptionServiceProvider->Illuminate\\Encryption\\{closure}(NULL)
#1 C:\\Users\\Uri\\Downloads\\ONLINE-Laravel-test-main\\Repo\\php-laravel-docker-render\\vendor\\laravel\\framework\\src\\Illuminate\\Encryption\\EncryptionServiceProvider.php(81): tap(NULL, Object(Closure))
#2 C:\\Users\\Uri\\Downloads\\ONLINE-Laravel-test-main\\Repo\\php-laravel-docker-render\\vendor\\laravel\\framework\\src\\Illuminate\\Encryption\\EncryptionServiceProvider.php(64): Illuminate\\Encryption\\EncryptionServiceProvider->key(Array)
#3 C:\\Users\\Uri\\Downloads\\ONLINE-Laravel-test-main\\Repo\\php-laravel-docker-render\\vendor\\laravel\\framework\\src\\Illuminate\\Encryption\\EncryptionServiceProvider.php(32): Illuminate\\Encryption\\EncryptionServiceProvider->parseKey(Array)
#4 C:\\Users\\Uri\\Downloads\\ONLINE-Laravel-test-main\\Repo\\php-laravel-docker-render\\vendor\\laravel\\framework\\src\\Illuminate\\Container\\Container.php(900): Illuminate\\Encryption\\EncryptionServiceProvider->Illuminate\\Encryption\\{closure}(Object(Illuminate\\Foundation\\Application), Array)
#5 C:\\Users\\Uri\\Downloads\\ONLINE-Laravel-test-main\\Repo\\php-laravel-docker-render\\vendor\\laravel\\framework\\src\\Illuminate\\Container\\Container.php(787): Illuminate\\Container\\Container->build(Object(Closure))
#6 C:\\Users\\Uri\\Downloads\\ONLINE-Laravel-test-main\\Repo\\php-laravel-docker-render\\vendor\\laravel\\framework\\src\\Illuminate\\Foundation\\Application.php(1026): Illuminate\\Container\\Container->resolve('encrypter', Array, true)
#7 C:\\Users\\Uri\\Downloads\\ONLINE-Laravel-test-main\\Repo\\php-laravel-docker-render\\vendor\\laravel\\framework\\src\\Illuminate\\Container\\Container.php(723): Illuminate\\Foundation\\Application->resolve('encrypter', Array)
#8 C:\\Users\\Uri\\Downloads\\ONLINE-Laravel-test-main\\Repo\\php-laravel-docker-render\\vendor\\laravel\\framework\\src\\Illuminate\\Foundation\\Application.php(1011): Illuminate\\Container\\Container->make('encrypter', Array)
#9 C:\\Users\\Uri\\Downloads\\ONLINE-Laravel-test-main\\Repo\\php-laravel-docker-render\\vendor\\laravel\\framework\\src\\Illuminate\\Container\\Container.php(1058): Illuminate\\Foundation\\Application->make('encrypter')
#10 C:\\Users\\Uri\\Downloads\\ONLINE-Laravel-test-main\\Repo\\php-laravel-docker-render\\vendor\\laravel\\framework\\src\\Illuminate\\Container\\Container.php(974): Illuminate\\Container\\Container->resolveClass(Object(ReflectionParameter))
#11 C:\\Users\\Uri\\Downloads\\ONLINE-Laravel-test-main\\Repo\\php-laravel-docker-render\\vendor\\laravel\\framework\\src\\Illuminate\\Container\\Container.php(935): Illuminate\\Container\\Container->resolveDependencies(Array)
#12 C:\\Users\\Uri\\Downloads\\ONLINE-Laravel-test-main\\Repo\\php-laravel-docker-render\\vendor\\laravel\\framework\\src\\Illuminate\\Container\\Container.php(787): Illuminate\\Container\\Container->build('App\\\\Http\\\\Middle...')
#13 C:\\Users\\Uri\\Downloads\\ONLINE-Laravel-test-main\\Repo\\php-laravel-docker-render\\vendor\\laravel\\framework\\src\\Illuminate\\Foundation\\Application.php(1026): Illuminate\\Container\\Container->resolve('App\\\\Http\\\\Middle...', Array, true)
#14 C:\\Users\\Uri\\Downloads\\ONLINE-Laravel-test-main\\Repo\\php-laravel-docker-render\\vendor\\laravel\\framework\\src\\Illuminate\\Container\\Container.php(723): Illuminate\\Foundation\\Application->resolve('App\\\\Http\\\\Middle...', Array)
#15 C:\\Users\\Uri\\Downloads\\ONLINE-Laravel-test-main\\Repo\\php-laravel-docker-render\\vendor\\laravel\\framework\\src\\Illuminate\\Foundation\\Application.php(1011): Illuminate\\Container\\Container->make('App\\\\Http\\\\Middle...', Array)
#16 C:\\Users\\Uri\\Downloads\\ONLINE-Laravel-test-main\\Repo\\php-laravel-docker-render\\vendor\\laravel\\framework\\src\\Illuminate\\Foundation\\Http\\Kernel.php(255): Illuminate\\Foundation\\Application->make('App\\\\Http\\\\Middle...')
#17 C:\\Users\\Uri\\Downloads\\ONLINE-Laravel-test-main\\Repo\\php-laravel-docker-render\\vendor\\laravel\\framework\\src\\Illuminate\\Foundation\\Http\\Kernel.php(213): Illuminate\\Foundation\\Http\\Kernel->terminateMiddleware(Object(Illuminate\\Http\\Request), Object(Illuminate\\Http\\Response))
#18 C:\\Users\\Uri\\Downloads\\ONLINE-Laravel-test-main\\Repo\\php-laravel-docker-render\\public\\index.php(60): Illuminate\\Foundation\\Http\\Kernel->terminate(Object(Illuminate\\Http\\Request), Object(Illuminate\\Http\\Response))
#19 C:\\Users\\Uri\\Downloads\\ONLINE-Laravel-test-main\\Repo\\php-laravel-docker-render\\server.php(21): require_once('C:\\\\Users\\\\Uri\\\\Do...')
#20 {main}
"} 
[2024-04-21 15:11:10] local.ERROR: No application encryption key has been specified. {"exception":"[object] (Illuminate\\Encryption\\MissingAppKeyException(code: 0): No application encryption key has been specified. at C:\\Users\\Uri\\Downloads\\ONLINE-Laravel-test-main\\Repo\\php-laravel-docker-render\\vendor\\laravel\\framework\\src\\Illuminate\\Encryption\\EncryptionServiceProvider.php:83)
[stacktrace]
#0 C:\\Users\\Uri\\Downloads\\ONLINE-Laravel-test-main\\Repo\\php-laravel-docker-render\\vendor\\laravel\\framework\\src\\Illuminate\\Support\\helpers.php(345): Illuminate\\Encryption\\EncryptionServiceProvider->Illuminate\\Encryption\\{closure}('')
#1 C:\\Users\\Uri\\Downloads\\ONLINE-Laravel-test-main\\Repo\\php-laravel-docker-render\\vendor\\laravel\\framework\\src\\Illuminate\\Encryption\\EncryptionServiceProvider.php(81): tap('', Object(Closure))
#2 C:\\Users\\Uri\\Downloads\\ONLINE-Laravel-test-main\\Repo\\php-laravel-docker-render\\vendor\\laravel\\framework\\src\\Illuminate\\Encryption\\EncryptionServiceProvider.php(64): Illuminate\\Encryption\\EncryptionServiceProvider->key(Array)
#3 C:\\Users\\Uri\\Downloads\\ONLINE-Laravel-test-main\\Repo\\php-laravel-docker-render\\vendor\\laravel\\framework\\src\\Illuminate\\Encryption\\EncryptionServiceProvider.php(32): Illuminate\\Encryption\\EncryptionServiceProvider->parseKey(Array)
#4 C:\\Users\\Uri\\Downloads\\ONLINE-Laravel-test-main\\Repo\\php-laravel-docker-render\\vendor\\laravel\\framework\\src\\Illuminate\\Container\\Container.php(900): Illuminate\\Encryption\\EncryptionServiceProvider->Illuminate\\Encryption\\{closure}(Object(Illuminate\\Foundation\\Application), Array)
#5 C:\\Users\\Uri\\Downloads\\ONLINE-Laravel-test-main\\Repo\\php-laravel-docker-render\\vendor\\laravel\\framework\\src\\Illuminate\\Container\\Container.php(787): Illuminate\\Container\\Container->build(Object(Closure))
#6 C:\\Users\\Uri\\Downloads\\ONLINE-Laravel-test-main\\Repo\\php-laravel-docker-render\\vendor\\laravel\\framework\\src\\Illuminate\\Foundation\\Application.php(1026): Illuminate\\Container\\Container->resolve('encrypter', Array, true)
#7 C:\\Users\\Uri\\Downloads\\ONLINE-Laravel-test-main\\Repo\\php-laravel-docker-render\\vendor\\laravel\\framework\\src\\Illuminate\\Container\\Container.php(723): Illuminate\\Foundation\\Application->resolve('encrypter', Array)
#8 C:\\Users\\Uri\\Downloads\\ONLINE-Laravel-test-main\\Repo\\php-laravel-docker-render\\vendor\\laravel\\framework\\src\\Illuminate\\Foundation\\Application.php(1011): Illuminate\\Container\\Container->make('encrypter', Array)
#9 C:\\Users\\Uri\\Downloads\\ONLINE-Laravel-test-main\\Repo\\php-laravel-docker-render\\vendor\\laravel\\framework\\src\\Illuminate\\Container\\Container.php(1058): Illuminate\\Foundation\\Application->make('encrypter')
#10 C:\\Users\\Uri\\Downloads\\ONLINE-Laravel-test-main\\Repo\\php-laravel-docker-render\\vendor\\laravel\\framework\\src\\Illuminate\\Container\\Container.php(974): Illuminate\\Container\\Container->resolveClass(Object(ReflectionParameter))
#11 C:\\Users\\Uri\\Downloads\\ONLINE-Laravel-test-main\\Repo\\php-laravel-docker-render\\vendor\\laravel\\framework\\src\\Illuminate\\Container\\Container.php(935): Illuminate\\Container\\Container->resolveDependencies(Array)
#12 C:\\Users\\Uri\\Downloads\\ONLINE-Laravel-test-main\\Repo\\php-laravel-docker-render\\vendor\\laravel\\framework\\src\\Illuminate\\Container\\Container.php(787): Illuminate\\Container\\Container->build('App\\\\Http\\\\Middle...')
#13 C:\\Users\\Uri\\Downloads\\ONLINE-Laravel-test-main\\Repo\\php-laravel-docker-render\\vendor\\laravel\\framework\\src\\Illuminate\\Foundation\\Application.php(1026): Illuminate\\Container\\Container->resolve('App\\\\Http\\\\Middle...', Array, true)
#14 C:\\Users\\Uri\\Downloads\\ONLINE-Laravel-test-main\\Repo\\php-laravel-docker-render\\vendor\\laravel\\framework\\src\\Illuminate\\Container\\Container.php(723): Illuminate\\Foundation\\Application->resolve('App\\\\Http\\\\Middle...', Array)
#15 C:\\Users\\Uri\\Downloads\\ONLINE-Laravel-test-main\\Repo\\php-laravel-docker-render\\vendor\\laravel\\framework\\src\\Illuminate\\Foundation\\Application.php(1011): Illuminate\\Container\\Container->make('App\\\\Http\\\\Middle...', Array)
#16 C:\\Users\\Uri\\Downloads\\ONLINE-Laravel-test-main\\Repo\\php-laravel-docker-render\\vendor\\laravel\\framework\\src\\Illuminate\\Pipeline\\Pipeline.php(172): Illuminate\\Foundation\\Application->make('App\\\\Http\\\\Middle...')
#17 C:\\Users\\Uri\\Downloads\\ONLINE-Laravel-test-main\\Repo\\php-laravel-docker-render\\vendor\\laravel\\framework\\src\\Illuminate\\Pipeline\\Pipeline.php(119): Illuminate\\Pipeline\\Pipeline->Illuminate\\Pipeline\\{closure}(Object(Illuminate\\Http\\Request))
#18 C:\\Users\\Uri\\Downloads\\ONLINE-Laravel-test-main\\Repo\\php-laravel-docker-render\\vendor\\laravel\\framework\\src\\Illuminate\\Routing\\Router.php(805): Illuminate\\Pipeline\\Pipeline->then(Object(Closure))
#19 C:\\Users\\Uri\\Downloads\\ONLINE-Laravel-test-main\\Repo\\php-laravel-docker-render\\vendor\\laravel\\framework\\src\\Illuminate\\Routing\\Router.php(784): Illuminate\\Routing\\Router->runRouteWithinStack(Object(Illuminate\\Routing\\Route), Object(Illuminate\\Http\\Request))
#20 C:\\Users\\Uri\\Downloads\\ONLINE-Laravel-test-main\\Repo\\php-laravel-docker-render\\vendor\\laravel\\framework\\src\\Illuminate\\Routing\\Router.php(748): Illuminate\\Routing\\Router->runRoute(Object(Illuminate\\Http\\Request), Object(Illuminate\\Routing\\Route))
#21 C:\\Users\\Uri\\Downloads\\ONLINE-Laravel-test-main\\Repo\\php-laravel-docker-render\\vendor\\laravel\\framework\\src\\Illuminate\\Routing\\Router.php(737): Illuminate\\Routing\\Router->dispatchToRoute(Object(Illuminate\\Http\\Request))
#22 C:\\Users\\Uri\\Downloads\\ONLINE-Laravel-test-main\\Repo\\php-laravel-docker-render\\vendor\\laravel\\framework\\src\\Illuminate\\Foundation\\Http\\Kernel.php(200): Illuminate\\Routing\\Router->dispatch(Object(Illuminate\\Http\\Request))
#23 C:\\Users\\Uri\\Downloads\\ONLINE-Laravel-test-main\\Repo\\php-laravel-docker-render\\vendor\\laravel\\framework\\src\\Illuminate\\Pipeline\\Pipeline.php(144): Illuminate\\Foundation\\Http\\Kernel->Illuminate\\Foundation\\Http\\{closure}(Object(Illuminate\\Http\\Request))
#24 C:\\Users\\Uri\\Downloads\\ONLINE-Laravel-test-main\\Repo\\php-laravel-docker-render\\vendor\\laravel\\framework\\src\\Illuminate\\Http\\Middleware\\TrustProxies.php(57): Illuminate\\Pipeline\\Pipeline->Illuminate\\Pipeline\\{closure}(Object(Illuminate\\Http\\Request))
#25 C:\\Users\\Uri\\Downloads\\ONLINE-Laravel-test-main\\Repo\\php-laravel-docker-render\\vendor\\laravel\\framework\\src\\Illuminate\\Pipeline\\Pipeline.php(183): Illuminate\\Http\\Middleware\\TrustProxies->handle(Object(Illuminate\\Http\\Request), Object(Closure))
#26 C:\\Users\\Uri\\Downloads\\ONLINE-Laravel-test-main\\Repo\\php-laravel-docker-render\\vendor\\laravel\\framework\\src\\Illuminate\\Foundation\\Http\\Middleware\\TransformsRequest.php(21): Illuminate\\Pipeline\\Pipeline->Illuminate\\Pipeline\\{closure}(Object(Illuminate\\Http\\Request))
#27 C:\\Users\\Uri\\Downloads\\ONLINE-Laravel-test-main\\Repo\\php-laravel-docker-render\\vendor\\laravel\\framework\\src\\Illuminate\\Foundation\\Http\\Middleware\\ConvertEmptyStringsToNull.php(31): Illuminate\\Foundation\\Http\\Middleware\\TransformsRequest->handle(Object(Illuminate\\Http\\Request), Object(Closure))
#28 C:\\Users\\Uri\\Downloads\\ONLINE-Laravel-test-main\\Repo\\php-laravel-docker-render\\vendor\\laravel\\framework\\src\\Illuminate\\Pipeline\\Pipeline.php(183): Illuminate\\Foundation\\Http\\Middleware\\ConvertEmptyStringsToNull->handle(Object(Illuminate\\Http\\Request), Object(Closure))
#29 C:\\Users\\Uri\\Downloads\\ONLINE-Laravel-test-main\\Repo\\php-laravel-docker-render\\vendor\\laravel\\framework\\src\\Illuminate\\Foundation\\Http\\Middleware\\TransformsRequest.php(21): Illuminate\\Pipeline\\Pipeline->Illuminate\\Pipeline\\{closure}(Object(Illuminate\\Http\\Request))
#30 C:\\Users\\Uri\\Downloads\\ONLINE-Laravel-test-main\\Repo\\php-laravel-docker-render\\vendor\\laravel\\framework\\src\\Illuminate\\Foundation\\Http\\Middleware\\TrimStrings.php(50): Illuminate\\Foundation\\Http\\Middleware\\TransformsRequest->handle(Object(Illuminate\\Http\\Request), Object(Closure))
#31 C:\\Users\\Uri\\Downloads\\ONLINE-Laravel-test-main\\Repo\\php-laravel-docker-render\\vendor\\laravel\\framework\\src\\Illuminate\\Pipeline\\Pipeline.php(183): Illuminate\\Foundation\\Http\\Middleware\\TrimStrings->handle(Object(Illuminate\\Http\\Request), Object(Closure))
#32 C:\\Users\\Uri\\Downloads\\ONLINE-Laravel-test-main\\Repo\\php-laravel-docker-render\\vendor\\laravel\\framework\\src\\Illuminate\\Http\\Middleware\\ValidatePostSize.php(27): Illuminate\\Pipeline\\Pipeline->Illuminate\\Pipeline\\{closure}(Object(Illuminate\\Http\\Request))
#33 C:\\Users\\Uri\\Downloads\\ONLINE-Laravel-test-main\\Repo\\php-laravel-docker-render\\vendor\\laravel\\framework\\src\\Illuminate\\Pipeline\\Pipeline.php(183): Illuminate\\Http\\Middleware\\ValidatePostSize->handle(Object(Illuminate\\Http\\Request), Object(Closure))
#34 C:\\Users\\Uri\\Downloads\\ONLINE-Laravel-test-main\\Repo\\php-laravel-docker-render\\vendor\\laravel\\framework\\src\\Illuminate\\Foundation\\Http\\Middleware\\PreventRequestsDuringMaintenance.php(103): Illuminate\\Pipeline\\Pipeline->Illuminate\\Pipeline\\{closure}(Object(Illuminate\\Http\\Request))
#35 C:\\Users\\Uri\\Downloads\\ONLINE-Laravel-test-main\\Repo\\php-laravel-docker-render\\vendor\\laravel\\framework\\src\\Illuminate\\Pipeline\\Pipeline.php(183): Illuminate\\Foundation\\Http\\Middleware\\PreventRequestsDuringMaintenance->handle(Object(Illuminate\\Http\\Request), Object(Closure))
#36 C:\\Users\\Uri\\Downloads\\ONLINE-Laravel-test-main\\Repo\\php-laravel-docker-render\\vendor\\laravel\\framework\\src\\Illuminate\\Pipeline\\Pipeline.php(119): Illuminate\\Pipeline\\Pipeline->Illuminate\\Pipeline\\{closure}(Object(Illuminate\\Http\\Request))
#37 C:\\Users\\Uri\\Downloads\\ONLINE-Laravel-test-main\\Repo\\php-laravel-docker-render\\vendor\\laravel\\framework\\src\\Illuminate\\Foundation\\Http\\Kernel.php(175): Illuminate\\Pipeline\\Pipeline->then(Object(Closure))
#38 C:\\Users\\Uri\\Downloads\\ONLINE-Laravel-test-main\\Repo\\php-laravel-docker-render\\vendor\\laravel\\framework\\src\\Illuminate\\Foundation\\Http\\Kernel.php(144): Illuminate\\Foundation\\Http\\Kernel->sendRequestThroughRouter(Object(Illuminate\\Http\\Request))
#39 C:\\Users\\Uri\\Downloads\\ONLINE-Laravel-test-main\\Repo\\php-laravel-docker-render\\public\\index.php(54): Illuminate\\Foundation\\Http\\Kernel->handle(Object(Illuminate\\Http\\Request))
#40 C:\\Users\\Uri\\Downloads\\ONLINE-Laravel-test-main\\Repo\\php-laravel-docker-render\\server.php(21): require_once('C:\\\\Users\\\\Uri\\\\Do...')
#41 {main}
"} 
[2024-04-21 15:11:11] local.ERROR: No application encryption key has been specified. {"exception":"[object] (Illuminate\\Encryption\\MissingAppKeyException(code: 0): No application encryption key has been specified. at C:\\Users\\Uri\\Downloads\\ONLINE-Laravel-test-main\\Repo\\php-laravel-docker-render\\vendor\\laravel\\framework\\src\\Illuminate\\Encryption\\EncryptionServiceProvider.php:83)
[stacktrace]
#0 C:\\Users\\Uri\\Downloads\\ONLINE-Laravel-test-main\\Repo\\php-laravel-docker-render\\vendor\\laravel\\framework\\src\\Illuminate\\Support\\helpers.php(345): Illuminate\\Encryption\\EncryptionServiceProvider->Illuminate\\Encryption\\{closure}('')
#1 C:\\Users\\Uri\\Downloads\\ONLINE-Laravel-test-main\\Repo\\php-laravel-docker-render\\vendor\\laravel\\framework\\src\\Illuminate\\Encryption\\EncryptionServiceProvider.php(81): tap('', Object(Closure))
#2 C:\\Users\\Uri\\Downloads\\ONLINE-Laravel-test-main\\Repo\\php-laravel-docker-render\\vendor\\laravel\\framework\\src\\Illuminate\\Encryption\\EncryptionServiceProvider.php(64): Illuminate\\Encryption\\EncryptionServiceProvider->key(Array)
#3 C:\\Users\\Uri\\Downloads\\ONLINE-Laravel-test-main\\Repo\\php-laravel-docker-render\\vendor\\laravel\\framework\\src\\Illuminate\\Encryption\\EncryptionServiceProvider.php(32): Illuminate\\Encryption\\EncryptionServiceProvider->parseKey(Array)
#4 C:\\Users\\Uri\\Downloads\\ONLINE-Laravel-test-main\\Repo\\php-laravel-docker-render\\vendor\\laravel\\framework\\src\\Illuminate\\Container\\Container.php(900): Illuminate\\Encryption\\EncryptionServiceProvider->Illuminate\\Encryption\\{closure}(Object(Illuminate\\Foundation\\Application), Array)
#5 C:\\Users\\Uri\\Downloads\\ONLINE-Laravel-test-main\\Repo\\php-laravel-docker-render\\vendor\\laravel\\framework\\src\\Illuminate\\Container\\Container.php(787): Illuminate\\Container\\Container->build(Object(Closure))
#6 C:\\Users\\Uri\\Downloads\\ONLINE-Laravel-test-main\\Repo\\php-laravel-docker-render\\vendor\\laravel\\framework\\src\\Illuminate\\Foundation\\Application.php(1026): Illuminate\\Container\\Container->resolve('encrypter', Array, true)
#7 C:\\Users\\Uri\\Downloads\\ONLINE-Laravel-test-main\\Repo\\php-laravel-docker-render\\vendor\\laravel\\framework\\src\\Illuminate\\Container\\Container.php(723): Illuminate\\Foundation\\Application->resolve('encrypter', Array)
#8 C:\\Users\\Uri\\Downloads\\ONLINE-Laravel-test-main\\Repo\\php-laravel-docker-render\\vendor\\laravel\\framework\\src\\Illuminate\\Foundation\\Application.php(1011): Illuminate\\Container\\Container->make('encrypter', Array)
#9 C:\\Users\\Uri\\Downloads\\ONLINE-Laravel-test-main\\Repo\\php-laravel-docker-render\\vendor\\laravel\\framework\\src\\Illuminate\\Container\\Container.php(1058): Illuminate\\Foundation\\Application->make('encrypter')
#10 C:\\Users\\Uri\\Downloads\\ONLINE-Laravel-test-main\\Repo\\php-laravel-docker-render\\vendor\\laravel\\framework\\src\\Illuminate\\Container\\Container.php(974): Illuminate\\Container\\Container->resolveClass(Object(ReflectionParameter))
#11 C:\\Users\\Uri\\Downloads\\ONLINE-Laravel-test-main\\Repo\\php-laravel-docker-render\\vendor\\laravel\\framework\\src\\Illuminate\\Container\\Container.php(935): Illuminate\\Container\\Container->resolveDependencies(Array)
#12 C:\\Users\\Uri\\Downloads\\ONLINE-Laravel-test-main\\Repo\\php-laravel-docker-render\\vendor\\laravel\\framework\\src\\Illuminate\\Container\\Container.php(787): Illuminate\\Container\\Container->build('App\\\\Http\\\\Middle...')
#13 C:\\Users\\Uri\\Downloads\\ONLINE-Laravel-test-main\\Repo\\php-laravel-docker-render\\vendor\\laravel\\framework\\src\\Illuminate\\Foundation\\Application.php(1026): Illuminate\\Container\\Container->resolve('App\\\\Http\\\\Middle...', Array, true)
#14 C:\\Users\\Uri\\Downloads\\ONLINE-Laravel-test-main\\Repo\\php-laravel-docker-render\\vendor\\laravel\\framework\\src\\Illuminate\\Container\\Container.php(723): Illuminate\\Foundation\\Application->resolve('App\\\\Http\\\\Middle...', Array)
#15 C:\\Users\\Uri\\Downloads\\ONLINE-Laravel-test-main\\Repo\\php-laravel-docker-render\\vendor\\laravel\\framework\\src\\Illuminate\\Foundation\\Application.php(1011): Illuminate\\Container\\Container->make('App\\\\Http\\\\Middle...', Array)
#16 C:\\Users\\Uri\\Downloads\\ONLINE-Laravel-test-main\\Repo\\php-laravel-docker-render\\vendor\\laravel\\framework\\src\\Illuminate\\Foundation\\Http\\Kernel.php(255): Illuminate\\Foundation\\Application->make('App\\\\Http\\\\Middle...')
#17 C:\\Users\\Uri\\Downloads\\ONLINE-Laravel-test-main\\Repo\\php-laravel-docker-render\\vendor\\laravel\\framework\\src\\Illuminate\\Foundation\\Http\\Kernel.php(213): Illuminate\\Foundation\\Http\\Kernel->terminateMiddleware(Object(Illuminate\\Http\\Request), Object(Illuminate\\Http\\Response))
#18 C:\\Users\\Uri\\Downloads\\ONLINE-Laravel-test-main\\Repo\\php-laravel-docker-render\\public\\index.php(60): Illuminate\\Foundation\\Http\\Kernel->terminate(Object(Illuminate\\Http\\Request), Object(Illuminate\\Http\\Response))
#19 C:\\Users\\Uri\\Downloads\\ONLINE-Laravel-test-main\\Repo\\php-laravel-docker-render\\server.php(21): require_once('C:\\\\Users\\\\Uri\\\\Do...')
#20 {main}
"} 
[2024-04-21 15:11:48] local.ERROR: Unsupported cipher or incorrect key length. Supported ciphers are: aes-128-cbc, aes-256-cbc, aes-128-gcm, aes-256-gcm. {"exception":"[object] (RuntimeException(code: 0): Unsupported cipher or incorrect key length. Supported ciphers are: aes-128-cbc, aes-256-cbc, aes-128-gcm, aes-256-gcm. at C:\\Users\\Uri\\Downloads\\ONLINE-Laravel-test-main\\Repo\\php-laravel-docker-render\\vendor\\laravel\\framework\\src\\Illuminate\\Encryption\\Encrypter.php:62)
[stacktrace]
#0 C:\\Users\\Uri\\Downloads\\ONLINE-Laravel-test-main\\Repo\\php-laravel-docker-render\\vendor\\laravel\\framework\\src\\Illuminate\\Encryption\\EncryptionServiceProvider.php(32): Illuminate\\Encryption\\Encrypter->__construct('LIvbr+vvLXa0JJO...', 'AES-256-CBC')
#1 C:\\Users\\Uri\\Downloads\\ONLINE-Laravel-test-main\\Repo\\php-laravel-docker-render\\vendor\\laravel\\framework\\src\\Illuminate\\Container\\Container.php(900): Illuminate\\Encryption\\EncryptionServiceProvider->Illuminate\\Encryption\\{closure}(Object(Illuminate\\Foundation\\Application), Array)
#2 C:\\Users\\Uri\\Downloads\\ONLINE-Laravel-test-main\\Repo\\php-laravel-docker-render\\vendor\\laravel\\framework\\src\\Illuminate\\Container\\Container.php(787): Illuminate\\Container\\Container->build(Object(Closure))
#3 C:\\Users\\Uri\\Downloads\\ONLINE-Laravel-test-main\\Repo\\php-laravel-docker-render\\vendor\\laravel\\framework\\src\\Illuminate\\Foundation\\Application.php(1026): Illuminate\\Container\\Container->resolve('encrypter', Array, true)
#4 C:\\Users\\Uri\\Downloads\\ONLINE-Laravel-test-main\\Repo\\php-laravel-docker-render\\vendor\\laravel\\framework\\src\\Illuminate\\Container\\Container.php(723): Illuminate\\Foundation\\Application->resolve('encrypter', Array)
#5 C:\\Users\\Uri\\Downloads\\ONLINE-Laravel-test-main\\Repo\\php-laravel-docker-render\\vendor\\laravel\\framework\\src\\Illuminate\\Foundation\\Application.php(1011): Illuminate\\Container\\Container->make('encrypter', Array)
#6 C:\\Users\\Uri\\Downloads\\ONLINE-Laravel-test-main\\Repo\\php-laravel-docker-render\\vendor\\laravel\\framework\\src\\Illuminate\\Container\\Container.php(1058): Illuminate\\Foundation\\Application->make('encrypter')
#7 C:\\Users\\Uri\\Downloads\\ONLINE-Laravel-test-main\\Repo\\php-laravel-docker-render\\vendor\\laravel\\framework\\src\\Illuminate\\Container\\Container.php(974): Illuminate\\Container\\Container->resolveClass(Object(ReflectionParameter))
#8 C:\\Users\\Uri\\Downloads\\ONLINE-Laravel-test-main\\Repo\\php-laravel-docker-render\\vendor\\laravel\\framework\\src\\Illuminate\\Container\\Container.php(935): Illuminate\\Container\\Container->resolveDependencies(Array)
#9 C:\\Users\\Uri\\Downloads\\ONLINE-Laravel-test-main\\Repo\\php-laravel-docker-render\\vendor\\laravel\\framework\\src\\Illuminate\\Container\\Container.php(787): Illuminate\\Container\\Container->build('App\\\\Http\\\\Middle...')
#10 C:\\Users\\Uri\\Downloads\\ONLINE-Laravel-test-main\\Repo\\php-laravel-docker-render\\vendor\\laravel\\framework\\src\\Illuminate\\Foundation\\Application.php(1026): Illuminate\\Container\\Container->resolve('App\\\\Http\\\\Middle...', Array, true)
#11 C:\\Users\\Uri\\Downloads\\ONLINE-Laravel-test-main\\Repo\\php-laravel-docker-render\\vendor\\laravel\\framework\\src\\Illuminate\\Container\\Container.php(723): Illuminate\\Foundation\\Application->resolve('App\\\\Http\\\\Middle...', Array)
#12 C:\\Users\\Uri\\Downloads\\ONLINE-Laravel-test-main\\Repo\\php-laravel-docker-render\\vendor\\laravel\\framework\\src\\Illuminate\\Foundation\\Application.php(1011): Illuminate\\Container\\Container->make('App\\\\Http\\\\Middle...', Array)
#13 C:\\Users\\Uri\\Downloads\\ONLINE-Laravel-test-main\\Repo\\php-laravel-docker-render\\vendor\\laravel\\framework\\src\\Illuminate\\Pipeline\\Pipeline.php(172): Illuminate\\Foundation\\Application->make('App\\\\Http\\\\Middle...')
#14 C:\\Users\\Uri\\Downloads\\ONLINE-Laravel-test-main\\Repo\\php-laravel-docker-render\\vendor\\laravel\\framework\\src\\Illuminate\\Pipeline\\Pipeline.php(119): Illuminate\\Pipeline\\Pipeline->Illuminate\\Pipeline\\{closure}(Object(Illuminate\\Http\\Request))
#15 C:\\Users\\Uri\\Downloads\\ONLINE-Laravel-test-main\\Repo\\php-laravel-docker-render\\vendor\\laravel\\framework\\src\\Illuminate\\Routing\\Router.php(805): Illuminate\\Pipeline\\Pipeline->then(Object(Closure))
#16 C:\\Users\\Uri\\Downloads\\ONLINE-Laravel-test-main\\Repo\\php-laravel-docker-render\\vendor\\laravel\\framework\\src\\Illuminate\\Routing\\Router.php(784): Illuminate\\Routing\\Router->runRouteWithinStack(Object(Illuminate\\Routing\\Route), Object(Illuminate\\Http\\Request))
#17 C:\\Users\\Uri\\Downloads\\ONLINE-Laravel-test-main\\Repo\\php-laravel-docker-render\\vendor\\laravel\\framework\\src\\Illuminate\\Routing\\Router.php(748): Illuminate\\Routing\\Router->runRoute(Object(Illuminate\\Http\\Request), Object(Illuminate\\Routing\\Route))
#18 C:\\Users\\Uri\\Downloads\\ONLINE-Laravel-test-main\\Repo\\php-laravel-docker-render\\vendor\\laravel\\framework\\src\\Illuminate\\Routing\\Router.php(737): Illuminate\\Routing\\Router->dispatchToRoute(Object(Illuminate\\Http\\Request))
#19 C:\\Users\\Uri\\Downloads\\ONLINE-Laravel-test-main\\Repo\\php-laravel-docker-render\\vendor\\laravel\\framework\\src\\Illuminate\\Foundation\\Http\\Kernel.php(200): Illuminate\\Routing\\Router->dispatch(Object(Illuminate\\Http\\Request))
#20 C:\\Users\\Uri\\Downloads\\ONLINE-Laravel-test-main\\Repo\\php-laravel-docker-render\\vendor\\laravel\\framework\\src\\Illuminate\\Pipeline\\Pipeline.php(144): Illuminate\\Foundation\\Http\\Kernel->Illuminate\\Foundation\\Http\\{closure}(Object(Illuminate\\Http\\Request))
#21 C:\\Users\\Uri\\Downloads\\ONLINE-Laravel-test-main\\Repo\\php-laravel-docker-render\\vendor\\laravel\\framework\\src\\Illuminate\\Http\\Middleware\\TrustProxies.php(57): Illuminate\\Pipeline\\Pipeline->Illuminate\\Pipeline\\{closure}(Object(Illuminate\\Http\\Request))
#22 C:\\Users\\Uri\\Downloads\\ONLINE-Laravel-test-main\\Repo\\php-laravel-docker-render\\vendor\\laravel\\framework\\src\\Illuminate\\Pipeline\\Pipeline.php(183): Illuminate\\Http\\Middleware\\TrustProxies->handle(Object(Illuminate\\Http\\Request), Object(Closure))
#23 C:\\Users\\Uri\\Downloads\\ONLINE-Laravel-test-main\\Repo\\php-laravel-docker-render\\vendor\\laravel\\framework\\src\\Illuminate\\Foundation\\Http\\Middleware\\TransformsRequest.php(21): Illuminate\\Pipeline\\Pipeline->Illuminate\\Pipeline\\{closure}(Object(Illuminate\\Http\\Request))
#24 C:\\Users\\Uri\\Downloads\\ONLINE-Laravel-test-main\\Repo\\php-laravel-docker-render\\vendor\\laravel\\framework\\src\\Illuminate\\Foundation\\Http\\Middleware\\ConvertEmptyStringsToNull.php(31): Illuminate\\Foundation\\Http\\Middleware\\TransformsRequest->handle(Object(Illuminate\\Http\\Request), Object(Closure))
#25 C:\\Users\\Uri\\Downloads\\ONLINE-Laravel-test-main\\Repo\\php-laravel-docker-render\\vendor\\laravel\\framework\\src\\Illuminate\\Pipeline\\Pipeline.php(183): Illuminate\\Foundation\\Http\\Middleware\\ConvertEmptyStringsToNull->handle(Object(Illuminate\\Http\\Request), Object(Closure))
#26 C:\\Users\\Uri\\Downloads\\ONLINE-Laravel-test-main\\Repo\\php-laravel-docker-render\\vendor\\laravel\\framework\\src\\Illuminate\\Foundation\\Http\\Middleware\\TransformsRequest.php(21): Illuminate\\Pipeline\\Pipeline->Illuminate\\Pipeline\\{closure}(Object(Illuminate\\Http\\Request))
#27 C:\\Users\\Uri\\Downloads\\ONLINE-Laravel-test-main\\Repo\\php-laravel-docker-render\\vendor\\laravel\\framework\\src\\Illuminate\\Foundation\\Http\\Middleware\\TrimStrings.php(50): Illuminate\\Foundation\\Http\\Middleware\\TransformsRequest->handle(Object(Illuminate\\Http\\Request), Object(Closure))
#28 C:\\Users\\Uri\\Downloads\\ONLINE-Laravel-test-main\\Repo\\php-laravel-docker-render\\vendor\\laravel\\framework\\src\\Illuminate\\Pipeline\\Pipeline.php(183): Illuminate\\Foundation\\Http\\Middleware\\TrimStrings->handle(Object(Illuminate\\Http\\Request), Object(Closure))
#29 C:\\Users\\Uri\\Downloads\\ONLINE-Laravel-test-main\\Repo\\php-laravel-docker-render\\vendor\\laravel\\framework\\src\\Illuminate\\Http\\Middleware\\ValidatePostSize.php(27): Illuminate\\Pipeline\\Pipeline->Illuminate\\Pipeline\\{closure}(Object(Illuminate\\Http\\Request))
#30 C:\\Users\\Uri\\Downloads\\ONLINE-Laravel-test-main\\Repo\\php-laravel-docker-render\\vendor\\laravel\\framework\\src\\Illuminate\\Pipeline\\Pipeline.php(183): Illuminate\\Http\\Middleware\\ValidatePostSize->handle(Object(Illuminate\\Http\\Request), Object(Closure))
#31 C:\\Users\\Uri\\Downloads\\ONLINE-Laravel-test-main\\Repo\\php-laravel-docker-render\\vendor\\laravel\\framework\\src\\Illuminate\\Foundation\\Http\\Middleware\\PreventRequestsDuringMaintenance.php(103): Illuminate\\Pipeline\\Pipeline->Illuminate\\Pipeline\\{closure}(Object(Illuminate\\Http\\Request))
#32 C:\\Users\\Uri\\Downloads\\ONLINE-Laravel-test-main\\Repo\\php-laravel-docker-render\\vendor\\laravel\\framework\\src\\Illuminate\\Pipeline\\Pipeline.php(183): Illuminate\\Foundation\\Http\\Middleware\\PreventRequestsDuringMaintenance->handle(Object(Illuminate\\Http\\Request), Object(Closure))
#33 C:\\Users\\Uri\\Downloads\\ONLINE-Laravel-test-main\\Repo\\php-laravel-docker-render\\vendor\\laravel\\framework\\src\\Illuminate\\Pipeline\\Pipeline.php(119): Illuminate\\Pipeline\\Pipeline->Illuminate\\Pipeline\\{closure}(Object(Illuminate\\Http\\Request))
#34 C:\\Users\\Uri\\Downloads\\ONLINE-Laravel-test-main\\Repo\\php-laravel-docker-render\\vendor\\laravel\\framework\\src\\Illuminate\\Foundation\\Http\\Kernel.php(175): Illuminate\\Pipeline\\Pipeline->then(Object(Closure))
#35 C:\\Users\\Uri\\Downloads\\ONLINE-Laravel-test-main\\Repo\\php-laravel-docker-render\\vendor\\laravel\\framework\\src\\Illuminate\\Foundation\\Http\\Kernel.php(144): Illuminate\\Foundation\\Http\\Kernel->sendRequestThroughRouter(Object(Illuminate\\Http\\Request))
#36 C:\\Users\\Uri\\Downloads\\ONLINE-Laravel-test-main\\Repo\\php-laravel-docker-render\\public\\index.php(54): Illuminate\\Foundation\\Http\\Kernel->handle(Object(Illuminate\\Http\\Request))
#37 C:\\Users\\Uri\\Downloads\\ONLINE-Laravel-test-main\\Repo\\php-laravel-docker-render\\server.php(21): require_once('C:\\\\Users\\\\Uri\\\\Do...')
#38 {main}
"} 
[2024-04-21 15:11:48] local.ERROR: Unsupported cipher or incorrect key length. Supported ciphers are: aes-128-cbc, aes-256-cbc, aes-128-gcm, aes-256-gcm. {"exception":"[object] (RuntimeException(code: 0): Unsupported cipher or incorrect key length. Supported ciphers are: aes-128-cbc, aes-256-cbc, aes-128-gcm, aes-256-gcm. at C:\\Users\\Uri\\Downloads\\ONLINE-Laravel-test-main\\Repo\\php-laravel-docker-render\\vendor\\laravel\\framework\\src\\Illuminate\\Encryption\\Encrypter.php:62)
[stacktrace]
#0 C:\\Users\\Uri\\Downloads\\ONLINE-Laravel-test-main\\Repo\\php-laravel-docker-render\\vendor\\laravel\\framework\\src\\Illuminate\\Encryption\\EncryptionServiceProvider.php(32): Illuminate\\Encryption\\Encrypter->__construct('LIvbr+vvLXa0JJO...', 'AES-256-CBC')
#1 C:\\Users\\Uri\\Downloads\\ONLINE-Laravel-test-main\\Repo\\php-laravel-docker-render\\vendor\\laravel\\framework\\src\\Illuminate\\Container\\Container.php(900): Illuminate\\Encryption\\EncryptionServiceProvider->Illuminate\\Encryption\\{closure}(Object(Illuminate\\Foundation\\Application), Array)
#2 C:\\Users\\Uri\\Downloads\\ONLINE-Laravel-test-main\\Repo\\php-laravel-docker-render\\vendor\\laravel\\framework\\src\\Illuminate\\Container\\Container.php(787): Illuminate\\Container\\Container->build(Object(Closure))
#3 C:\\Users\\Uri\\Downloads\\ONLINE-Laravel-test-main\\Repo\\php-laravel-docker-render\\vendor\\laravel\\framework\\src\\Illuminate\\Foundation\\Application.php(1026): Illuminate\\Container\\Container->resolve('encrypter', Array, true)
#4 C:\\Users\\Uri\\Downloads\\ONLINE-Laravel-test-main\\Repo\\php-laravel-docker-render\\vendor\\laravel\\framework\\src\\Illuminate\\Container\\Container.php(723): Illuminate\\Foundation\\Application->resolve('encrypter', Array)
#5 C:\\Users\\Uri\\Downloads\\ONLINE-Laravel-test-main\\Repo\\php-laravel-docker-render\\vendor\\laravel\\framework\\src\\Illuminate\\Foundation\\Application.php(1011): Illuminate\\Container\\Container->make('encrypter', Array)
#6 C:\\Users\\Uri\\Downloads\\ONLINE-Laravel-test-main\\Repo\\php-laravel-docker-render\\vendor\\laravel\\framework\\src\\Illuminate\\Container\\Container.php(1058): Illuminate\\Foundation\\Application->make('encrypter')
#7 C:\\Users\\Uri\\Downloads\\ONLINE-Laravel-test-main\\Repo\\php-laravel-docker-render\\vendor\\laravel\\framework\\src\\Illuminate\\Container\\Container.php(974): Illuminate\\Container\\Container->resolveClass(Object(ReflectionParameter))
#8 C:\\Users\\Uri\\Downloads\\ONLINE-Laravel-test-main\\Repo\\php-laravel-docker-render\\vendor\\laravel\\framework\\src\\Illuminate\\Container\\Container.php(935): Illuminate\\Container\\Container->resolveDependencies(Array)
#9 C:\\Users\\Uri\\Downloads\\ONLINE-Laravel-test-main\\Repo\\php-laravel-docker-render\\vendor\\laravel\\framework\\src\\Illuminate\\Container\\Container.php(787): Illuminate\\Container\\Container->build('App\\\\Http\\\\Middle...')
#10 C:\\Users\\Uri\\Downloads\\ONLINE-Laravel-test-main\\Repo\\php-laravel-docker-render\\vendor\\laravel\\framework\\src\\Illuminate\\Foundation\\Application.php(1026): Illuminate\\Container\\Container->resolve('App\\\\Http\\\\Middle...', Array, true)
#11 C:\\Users\\Uri\\Downloads\\ONLINE-Laravel-test-main\\Repo\\php-laravel-docker-render\\vendor\\laravel\\framework\\src\\Illuminate\\Container\\Container.php(723): Illuminate\\Foundation\\Application->resolve('App\\\\Http\\\\Middle...', Array)
#12 C:\\Users\\Uri\\Downloads\\ONLINE-Laravel-test-main\\Repo\\php-laravel-docker-render\\vendor\\laravel\\framework\\src\\Illuminate\\Foundation\\Application.php(1011): Illuminate\\Container\\Container->make('App\\\\Http\\\\Middle...', Array)
#13 C:\\Users\\Uri\\Downloads\\ONLINE-Laravel-test-main\\Repo\\php-laravel-docker-render\\vendor\\laravel\\framework\\src\\Illuminate\\Foundation\\Http\\Kernel.php(255): Illuminate\\Foundation\\Application->make('App\\\\Http\\\\Middle...')
#14 C:\\Users\\Uri\\Downloads\\ONLINE-Laravel-test-main\\Repo\\php-laravel-docker-render\\vendor\\laravel\\framework\\src\\Illuminate\\Foundation\\Http\\Kernel.php(213): Illuminate\\Foundation\\Http\\Kernel->terminateMiddleware(Object(Illuminate\\Http\\Request), Object(Illuminate\\Http\\Response))
#15 C:\\Users\\Uri\\Downloads\\ONLINE-Laravel-test-main\\Repo\\php-laravel-docker-render\\public\\index.php(60): Illuminate\\Foundation\\Http\\Kernel->terminate(Object(Illuminate\\Http\\Request), Object(Illuminate\\Http\\Response))
#16 C:\\Users\\Uri\\Downloads\\ONLINE-Laravel-test-main\\Repo\\php-laravel-docker-render\\server.php(21): require_once('C:\\\\Users\\\\Uri\\\\Do...')
#17 {main}
"} 
